Using pre-set license
Built from '2020.2/release' branch; Version is '2020.2.4f1 (becced5a802b) revision 12504301'; Using compiler version '192528614'; Build Type 'Release'
OS: 'Windows 10 Home; OS build 19043.1826; Version 2009; 64bit' Language: 'en' Physical Memory: 16317 MB
BatchMode: 1, IsHumanControllingUs: 0, StartBugReporterOnCrash: 0, Is64bit: 1, IsPro: 0

 COMMAND LINE ARGUMENTS:
C:\Program Files\Unity\Hub\Editor\2020.2.4f1\Editor\Unity.exe
-adb2
-batchMode
-noUpm
-name
AssetImportWorker0
-projectPath
D:/Unity Projects/TeachingProjects/AlexGeekEduProject/AlexTowerDefense
-logFile
Logs/AssetImportWorker0.log
-srvPort
62252
Successfully changed project path to: D:/Unity Projects/TeachingProjects/AlexGeekEduProject/AlexTowerDefense
D:/Unity Projects/TeachingProjects/AlexGeekEduProject/AlexTowerDefense
Using Asset Import Pipeline V2.
Refreshing native plugins compatible for Editor in 35.26 ms, found 1 plugins.
Preloading 0 native plugins for Editor in 0.00 ms.
Initialize engine version: 2020.2.4f1 (becced5a802b)
[Subsystems] Discovering subsystems at path C:/Program Files/Unity/Hub/Editor/2020.2.4f1/Editor/Data/Resources/UnitySubsystems
[Subsystems] Discovering subsystems at path D:/Unity Projects/TeachingProjects/AlexGeekEduProject/AlexTowerDefense/Assets
GfxDevice: creating device client; threaded=0
Direct3D:
    Version:  Direct3D 11.0 [level 11.1]
    Renderer: NVIDIA GeForce RTX 2060 SUPER (ID=0x1f06)
    Vendor:   
    VRAM:     8031 MB
    Driver:   30.0.14.7196
Initialize mono
Mono path[0] = 'C:/Program Files/Unity/Hub/Editor/2020.2.4f1/Editor/Data/Managed'
Mono path[1] = 'C:/Program Files/Unity/Hub/Editor/2020.2.4f1/Editor/Data/MonoBleedingEdge/lib/mono/unityjit'
Mono config path = 'C:/Program Files/Unity/Hub/Editor/2020.2.4f1/Editor/Data/MonoBleedingEdge/etc'
Using monoOptions --debugger-agent=transport=dt_socket,embedding=1,server=y,suspend=n,address=127.0.0.1:56300
Begin MonoManager ReloadAssembly
Registering precompiled unity dll's ...
Register platform support module: C:/Program Files/Unity/Hub/Editor/2020.2.4f1/Editor/Data/PlaybackEngines/WebGLSupport/UnityEditor.WebGL.Extensions.dll
Register platform support module: C:/Program Files/Unity/Hub/Editor/2020.2.4f1/Editor/Data/PlaybackEngines/WindowsStandaloneSupport/UnityEditor.WindowsStandalone.Extensions.dll
Registered in 0.003547 seconds.
Native extension for WindowsStandalone target not found
Native extension for WebGL target not found
Refreshing native plugins compatible for Editor in 37.63 ms, found 1 plugins.
Preloading 0 native plugins for Editor in 0.00 ms.
Invoked RoslynAnalysisRunner static constructor.
RoslynAnalysisRunner will not be running.
RoslynAnalysisRunner has terminated.
Mono: successfully reloaded assembly
- Completed reload, in  2.108 seconds
Platform modules already initialized, skipping
Registering precompiled user dll's ...
Registered in 0.001079 seconds.
Begin MonoManager ReloadAssembly
Native extension for WindowsStandalone target not found
Native extension for WebGL target not found
Refreshing native plugins compatible for Editor in 38.09 ms, found 1 plugins.
Preloading 0 native plugins for Editor in 0.00 ms.
Invoked RoslynAnalysisRunner static constructor.
RoslynAnalysisRunner will not be running.
RoslynAnalysisRunner has terminated.
Mono: successfully reloaded assembly
- Completed reload, in  0.974 seconds
Platform modules already initialized, skipping
========================================================================
Worker process is ready to serve import requests
Launched and connected shader compiler UnityShaderCompiler.exe after 0.06 seconds
Refreshing native plugins compatible for Editor in 0.58 ms, found 1 plugins.
Preloading 0 native plugins for Editor in 0.00 ms.
Unloading 1797 Unused Serialized files (Serialized files now loaded: 0)
System memory in use before: 84.3 MB.
System memory in use after: 84.3 MB.

Unloading 24 unused Assets to reduce memory usage. Loaded Objects now: 2238.
Total: 2.370000 ms (FindLiveObjects: 0.331900 ms CreateObjectMapping: 0.049500 ms MarkObjects: 1.857700 ms  DeleteObjects: 0.129000 ms)

========================================================================
Received Import Request.
  path: Assets
  artifactKey: Guid(00000000000000001000000000000000) Importer(815301076,1909f56bfc062723c751e8b465ee728b)
Start importing Assets using Guid(00000000000000001000000000000000) Importer(815301076,1909f56bfc062723c751e8b465ee728b)  -> (artifact id: 'edc3feb264a98656617d3c2cb59c8f16') in 0.022863 seconds
  Import took 0.056430 seconds .

========================================================================
Received Import Request.
  Time since last request: 14.315021 seconds.
  path: Assets/TowerRogueLite.png
  artifactKey: Guid(5c2cca32a6642d64ba5d4a7a70934d1d) Importer(815301076,1909f56bfc062723c751e8b465ee728b)
Start importing Assets/TowerRogueLite.png using Guid(5c2cca32a6642d64ba5d4a7a70934d1d) Importer(815301076,1909f56bfc062723c751e8b465ee728b)  -> (artifact id: '2e0cb249f9c6f5dd7e432a3707fff264') in 0.131198 seconds
  Import took 0.157206 seconds .

========================================================================
Received Import Request.
  Time since last request: 1002.443495 seconds.
  path: Assets/Scripts
  artifactKey: Guid(869bba4b6ebe7fb40a5f9aadeeb5455e) Importer(815301076,1909f56bfc062723c751e8b465ee728b)
Start importing Assets/Scripts using Guid(869bba4b6ebe7fb40a5f9aadeeb5455e) Importer(815301076,1909f56bfc062723c751e8b465ee728b)  -> (artifact id: 'f6c2ce324e4f8a898cefa84e616f36e2') in 0.006724 seconds
  Import took 0.017011 seconds .

========================================================================
Received Import Request.
  Time since last request: 120.707044 seconds.
  path: Assets/Scripts/Tile.cs
  artifactKey: Guid(89ecc5ccbd3829a4b915c4d1a2019724) Importer(815301076,1909f56bfc062723c751e8b465ee728b)
Start importing Assets/Scripts/Tile.cs using Guid(89ecc5ccbd3829a4b915c4d1a2019724) Importer(815301076,1909f56bfc062723c751e8b465ee728b)  -> (artifact id: 'c2bf372208b6a967c0dfbe33271f79d6') in 0.013270 seconds
  Import took 0.034661 seconds .

========================================================================
Received Prepare
Registering precompiled user dll's ...
Registered in 0.000961 seconds.
Begin MonoManager ReloadAssembly
Native extension for WindowsStandalone target not found
Native extension for WebGL target not found
Refreshing native plugins compatible for Editor in 0.38 ms, found 1 plugins.
Preloading 0 native plugins for Editor in 0.00 ms.
Invoked RoslynAnalysisRunner static constructor.
RoslynAnalysisRunner will not be running.
RoslynAnalysisRunner has terminated.
Mono: successfully reloaded assembly
- Completed reload, in  0.786 seconds
Platform modules already initialized, skipping
Refreshing native plugins compatible for Editor in 0.47 ms, found 1 plugins.
Preloading 0 native plugins for Editor in 0.00 ms.
Unloading 1793 Unused Serialized files (Serialized files now loaded: 0)
System memory in use before: 87.4 MB.
System memory in use after: 87.4 MB.

Unloading 12 unused Assets to reduce memory usage. Loaded Objects now: 2248.
Total: 4.012100 ms (FindLiveObjects: 0.416400 ms CreateObjectMapping: 0.060900 ms MarkObjects: 3.364600 ms  DeleteObjects: 0.167600 ms)

========================================================================
Received Prepare
Registering precompiled user dll's ...
Registered in 0.000919 seconds.
Begin MonoManager ReloadAssembly
Native extension for WindowsStandalone target not found
Native extension for WebGL target not found
Refreshing native plugins compatible for Editor in 0.38 ms, found 1 plugins.
Preloading 0 native plugins for Editor in 0.00 ms.
Invoked RoslynAnalysisRunner static constructor.
RoslynAnalysisRunner will not be running.
RoslynAnalysisRunner has terminated.
Mono: successfully reloaded assembly
- Completed reload, in  0.836 seconds
Platform modules already initialized, skipping
Refreshing native plugins compatible for Editor in 0.36 ms, found 1 plugins.
Preloading 0 native plugins for Editor in 0.00 ms.
Unloading 1793 Unused Serialized files (Serialized files now loaded: 0)
System memory in use before: 87.4 MB.
System memory in use after: 87.4 MB.

Unloading 12 unused Assets to reduce memory usage. Loaded Objects now: 2251.
Total: 2.392200 ms (FindLiveObjects: 0.342300 ms CreateObjectMapping: 0.048800 ms MarkObjects: 1.894600 ms  DeleteObjects: 0.105600 ms)

========================================================================
Received Import Request.
  Time since last request: 145.007404 seconds.
  path: Assets/Scripts/Tile.cs
  artifactKey: Guid(89ecc5ccbd3829a4b915c4d1a2019724) Importer(815301076,1909f56bfc062723c751e8b465ee728b)
Start importing Assets/Scripts/Tile.cs using Guid(89ecc5ccbd3829a4b915c4d1a2019724) Importer(815301076,1909f56bfc062723c751e8b465ee728b)  -> (artifact id: 'cb6c83d1e9157704dd9aa53c656ae2f7') in 0.004409 seconds
  Import took 0.019198 seconds .

========================================================================
Received Import Request.
  Time since last request: 147.240000 seconds.
  path: Assets/Scripts/CustomCursor.cs
  artifactKey: Guid(fc2f993c307383648ad514d1c0d3aa43) Importer(815301076,1909f56bfc062723c751e8b465ee728b)
Start importing Assets/Scripts/CustomCursor.cs using Guid(fc2f993c307383648ad514d1c0d3aa43) Importer(815301076,1909f56bfc062723c751e8b465ee728b)  -> (artifact id: '98037090c1ab06fe51812bb85ec97a60') in 0.008549 seconds
  Import took 0.013555 seconds .

========================================================================
Received Prepare
Registering precompiled user dll's ...
Registered in 0.000962 seconds.
Begin MonoManager ReloadAssembly
Native extension for WindowsStandalone target not found
Native extension for WebGL target not found
Refreshing native plugins compatible for Editor in 0.49 ms, found 1 plugins.
Preloading 0 native plugins for Editor in 0.00 ms.
Invoked RoslynAnalysisRunner static constructor.
RoslynAnalysisRunner will not be running.
RoslynAnalysisRunner has terminated.
Mono: successfully reloaded assembly
- Completed reload, in  0.911 seconds
Platform modules already initialized, skipping
Refreshing native plugins compatible for Editor in 0.37 ms, found 1 plugins.
Preloading 0 native plugins for Editor in 0.00 ms.
Unloading 1794 Unused Serialized files (Serialized files now loaded: 0)
System memory in use before: 87.5 MB.
System memory in use after: 87.5 MB.

Unloading 12 unused Assets to reduce memory usage. Loaded Objects now: 2255.
Total: 2.153100 ms (FindLiveObjects: 0.329400 ms CreateObjectMapping: 0.047000 ms MarkObjects: 1.670400 ms  DeleteObjects: 0.104900 ms)

========================================================================
Received Prepare
Registering precompiled user dll's ...
Registered in 0.002197 seconds.
Begin MonoManager ReloadAssembly
Native extension for WindowsStandalone target not found
Native extension for WebGL target not found
Refreshing native plugins compatible for Editor in 0.52 ms, found 1 plugins.
Preloading 0 native plugins for Editor in 0.00 ms.
Invoked RoslynAnalysisRunner static constructor.
RoslynAnalysisRunner will not be running.
RoslynAnalysisRunner has terminated.
Mono: successfully reloaded assembly
- Completed reload, in  0.847 seconds
Platform modules already initialized, skipping
Refreshing native plugins compatible for Editor in 0.40 ms, found 1 plugins.
Preloading 0 native plugins for Editor in 0.00 ms.
Unloading 1794 Unused Serialized files (Serialized files now loaded: 0)
System memory in use before: 87.5 MB.
System memory in use after: 87.5 MB.

Unloading 12 unused Assets to reduce memory usage. Loaded Objects now: 2258.
Total: 1.743900 ms (FindLiveObjects: 0.197900 ms CreateObjectMapping: 0.043200 ms MarkObjects: 1.403200 ms  DeleteObjects: 0.098700 ms)

========================================================================
Received Import Request.
  Time since last request: 192.854623 seconds.
  path: Assets/Scripts/CustomCursor.cs
  artifactKey: Guid(fc2f993c307383648ad514d1c0d3aa43) Importer(815301076,1909f56bfc062723c751e8b465ee728b)
Start importing Assets/Scripts/CustomCursor.cs using Guid(fc2f993c307383648ad514d1c0d3aa43) Importer(815301076,1909f56bfc062723c751e8b465ee728b)  -> (artifact id: 'be52be10c8dbc511856a6123e32a04e6') in 0.005195 seconds
  Import took 0.008999 seconds .

========================================================================
Received Import Request.
  Time since last request: 51.675573 seconds.
  path: Assets/TowerRogueLite.png
  artifactKey: Guid(5c2cca32a6642d64ba5d4a7a70934d1d) Importer(815301076,1909f56bfc062723c751e8b465ee728b)
Start importing Assets/TowerRogueLite.png using Guid(5c2cca32a6642d64ba5d4a7a70934d1d) Importer(815301076,1909f56bfc062723c751e8b465ee728b)  -> (artifact id: 'c32dc3cacab20661700366b5049bdb1a') in 0.036300 seconds
  Import took 0.039453 seconds .

========================================================================
Received Import Request.
  Time since last request: 121.121558 seconds.
  path: Assets/TowerRogueLite.png
  artifactKey: Guid(5c2cca32a6642d64ba5d4a7a70934d1d) Importer(815301076,1909f56bfc062723c751e8b465ee728b)
Start importing Assets/TowerRogueLite.png using Guid(5c2cca32a6642d64ba5d4a7a70934d1d) Importer(815301076,1909f56bfc062723c751e8b465ee728b)  -> (artifact id: 'c9b78f4b0957df0869a481168e5f6340') in 0.111144 seconds
  Import took 0.115091 seconds .

========================================================================
Received Prepare
Registering precompiled user dll's ...
Registered in 0.001173 seconds.
Begin MonoManager ReloadAssembly
Native extension for WindowsStandalone target not found
Native extension for WebGL target not found
Refreshing native plugins compatible for Editor in 0.37 ms, found 1 plugins.
Preloading 0 native plugins for Editor in 0.00 ms.
Invoked RoslynAnalysisRunner static constructor.
RoslynAnalysisRunner will not be running.
RoslynAnalysisRunner has terminated.
Mono: successfully reloaded assembly
- Completed reload, in  0.903 seconds
Platform modules already initialized, skipping
Refreshing native plugins compatible for Editor in 0.38 ms, found 1 plugins.
Preloading 0 native plugins for Editor in 0.00 ms.
Unloading 1795 Unused Serialized files (Serialized files now loaded: 0)
System memory in use before: 87.5 MB.
System memory in use after: 87.5 MB.

Unloading 12 unused Assets to reduce memory usage. Loaded Objects now: 2265.
Total: 2.704600 ms (FindLiveObjects: 0.581300 ms CreateObjectMapping: 0.055600 ms MarkObjects: 1.930800 ms  DeleteObjects: 0.134200 ms)

========================================================================
Received Import Request.
  Time since last request: 256.700578 seconds.
  path: Assets/Scripts/Tower.cs
  artifactKey: Guid(9c7f2be3d4fa19242a1e9baf53030ef3) Importer(815301076,1909f56bfc062723c751e8b465ee728b)
Start importing Assets/Scripts/Tower.cs using Guid(9c7f2be3d4fa19242a1e9baf53030ef3) Importer(815301076,1909f56bfc062723c751e8b465ee728b)  -> (artifact id: '9c2fc9c3ce3839413a1f77c84e0b8622') in 0.011446 seconds
  Import took 0.025588 seconds .

========================================================================
Received Prepare
Registering precompiled user dll's ...
Registered in 0.000746 seconds.
Begin MonoManager ReloadAssembly
Native extension for WindowsStandalone target not found
Native extension for WebGL target not found
Refreshing native plugins compatible for Editor in 0.34 ms, found 1 plugins.
Preloading 0 native plugins for Editor in 0.00 ms.
Invoked RoslynAnalysisRunner static constructor.
RoslynAnalysisRunner will not be running.
RoslynAnalysisRunner has terminated.
Mono: successfully reloaded assembly
- Completed reload, in  0.837 seconds
Platform modules already initialized, skipping
Refreshing native plugins compatible for Editor in 0.35 ms, found 1 plugins.
Preloading 0 native plugins for Editor in 0.00 ms.
Unloading 1795 Unused Serialized files (Serialized files now loaded: 0)
System memory in use before: 87.5 MB.
System memory in use after: 87.5 MB.

Unloading 12 unused Assets to reduce memory usage. Loaded Objects now: 2268.
Total: 2.527600 ms (FindLiveObjects: 0.585400 ms CreateObjectMapping: 0.057900 ms MarkObjects: 1.780400 ms  DeleteObjects: 0.102900 ms)

========================================================================
Received Prepare
Registering precompiled user dll's ...
Registered in 0.001045 seconds.
Begin MonoManager ReloadAssembly
Native extension for WindowsStandalone target not found
Native extension for WebGL target not found
Refreshing native plugins compatible for Editor in 0.49 ms, found 1 plugins.
Preloading 0 native plugins for Editor in 0.00 ms.
Invoked RoslynAnalysisRunner static constructor.
RoslynAnalysisRunner will not be running.
RoslynAnalysisRunner has terminated.
Mono: successfully reloaded assembly
- Completed reload, in  0.833 seconds
Platform modules already initialized, skipping
Refreshing native plugins compatible for Editor in 0.34 ms, found 1 plugins.
Preloading 0 native plugins for Editor in 0.00 ms.
Unloading 1795 Unused Serialized files (Serialized files now loaded: 0)
System memory in use before: 87.5 MB.
System memory in use after: 87.5 MB.

Unloading 12 unused Assets to reduce memory usage. Loaded Objects now: 2271.
Total: 5.249400 ms (FindLiveObjects: 0.751200 ms CreateObjectMapping: 0.080600 ms MarkObjects: 4.111100 ms  DeleteObjects: 0.302300 ms)

========================================================================
Received Import Request.
  Time since last request: 125.287922 seconds.
  path: Assets/Scripts/Tower.cs
  artifactKey: Guid(9c7f2be3d4fa19242a1e9baf53030ef3) Importer(815301076,1909f56bfc062723c751e8b465ee728b)
Start importing Assets/Scripts/Tower.cs using Guid(9c7f2be3d4fa19242a1e9baf53030ef3) Importer(815301076,1909f56bfc062723c751e8b465ee728b)  -> (artifact id: '182de9fbc61b933b7ca96ad15cbd9f95') in 0.004735 seconds
  Import took 0.020142 seconds .

========================================================================
Received Import Request.
  Time since last request: 34.078142 seconds.
  path: Assets/Scripts/TowerManager.cs
  artifactKey: Guid(1766dec93405ef14e9835dfe9ed4c768) Importer(815301076,1909f56bfc062723c751e8b465ee728b)
Start importing Assets/Scripts/TowerManager.cs using Guid(1766dec93405ef14e9835dfe9ed4c768) Importer(815301076,1909f56bfc062723c751e8b465ee728b)  -> (artifact id: '83d839a0d99c3d2843ac9ed25155df08') in 0.007433 seconds
  Import took 0.010992 seconds .

========================================================================
Received Prepare
Registering precompiled user dll's ...
Registered in 0.000821 seconds.
Begin MonoManager ReloadAssembly
Native extension for WindowsStandalone target not found
Native extension for WebGL target not found
Refreshing native plugins compatible for Editor in 0.65 ms, found 1 plugins.
Preloading 0 native plugins for Editor in 0.00 ms.
Invoked RoslynAnalysisRunner static constructor.
RoslynAnalysisRunner will not be running.
RoslynAnalysisRunner has terminated.
Mono: successfully reloaded assembly
- Completed reload, in  0.845 seconds
Platform modules already initialized, skipping
Refreshing native plugins compatible for Editor in 0.38 ms, found 1 plugins.
Preloading 0 native plugins for Editor in 0.00 ms.
Unloading 1796 Unused Serialized files (Serialized files now loaded: 0)
System memory in use before: 87.6 MB.
System memory in use after: 87.6 MB.

Unloading 12 unused Assets to reduce memory usage. Loaded Objects now: 2275.
Total: 3.771300 ms (FindLiveObjects: 0.544800 ms CreateObjectMapping: 0.080900 ms MarkObjects: 2.967900 ms  DeleteObjects: 0.176400 ms)

========================================================================
Received Prepare
Registering precompiled user dll's ...
Registered in 0.001508 seconds.
Begin MonoManager ReloadAssembly
Native extension for WindowsStandalone target not found
Native extension for WebGL target not found
Refreshing native plugins compatible for Editor in 0.44 ms, found 1 plugins.
Preloading 0 native plugins for Editor in 0.00 ms.
Invoked RoslynAnalysisRunner static constructor.
RoslynAnalysisRunner will not be running.
RoslynAnalysisRunner has terminated.
Mono: successfully reloaded assembly
- Completed reload, in  0.828 seconds
Platform modules already initialized, skipping
Refreshing native plugins compatible for Editor in 0.47 ms, found 1 plugins.
Preloading 0 native plugins for Editor in 0.00 ms.
Unloading 1796 Unused Serialized files (Serialized files now loaded: 0)
System memory in use before: 87.6 MB.
System memory in use after: 87.6 MB.

Unloading 12 unused Assets to reduce memory usage. Loaded Objects now: 2278.
Total: 2.436100 ms (FindLiveObjects: 0.333400 ms CreateObjectMapping: 0.047700 ms MarkObjects: 1.923500 ms  DeleteObjects: 0.129600 ms)

========================================================================
Received Import Request.
  Time since last request: 514.111296 seconds.
  path: Assets/Scripts/TowerManager.cs
  artifactKey: Guid(1766dec93405ef14e9835dfe9ed4c768) Importer(815301076,1909f56bfc062723c751e8b465ee728b)
Start importing Assets/Scripts/TowerManager.cs using Guid(1766dec93405ef14e9835dfe9ed4c768) Importer(815301076,1909f56bfc062723c751e8b465ee728b)  -> (artifact id: '836a5170af975963299c3fe09c7c44ca') in 0.006056 seconds
  Import took 0.017186 seconds .

========================================================================
Received Import Request.
  Time since last request: 48.537957 seconds.
  path: Assets/Prefabs
  artifactKey: Guid(1d3ad5563c33f5c4ab30923d2213c3e6) Importer(815301076,1909f56bfc062723c751e8b465ee728b)
Start importing Assets/Prefabs using Guid(1d3ad5563c33f5c4ab30923d2213c3e6) Importer(815301076,1909f56bfc062723c751e8b465ee728b)  -> (artifact id: '3c14cac69c6ce4429da946f6c104e61f') in 0.007363 seconds
  Import took 0.022123 seconds .

========================================================================
Received Import Request.
  Time since last request: 7.449080 seconds.
  path: Assets/Prefabs/ArrowTower.prefab
  artifactKey: Guid(a51d2b20e861c3546bc64eb713d5a3a4) Importer(815301076,1909f56bfc062723c751e8b465ee728b)
Start importing Assets/Prefabs/ArrowTower.prefab using Guid(a51d2b20e861c3546bc64eb713d5a3a4) Importer(815301076,1909f56bfc062723c751e8b465ee728b)  -> (artifact id: 'b0ad6b753616f29fa191db8e34da9cf7') in 0.068602 seconds
  Import took 0.073068 seconds .

========================================================================
Received Prepare
Registering precompiled user dll's ...
Registered in 0.000848 seconds.
Begin MonoManager ReloadAssembly
Native extension for WindowsStandalone target not found
Native extension for WebGL target not found
Refreshing native plugins compatible for Editor in 0.35 ms, found 1 plugins.
Preloading 0 native plugins for Editor in 0.00 ms.
Invoked RoslynAnalysisRunner static constructor.
RoslynAnalysisRunner will not be running.
RoslynAnalysisRunner has terminated.
Mono: successfully reloaded assembly
- Completed reload, in  0.802 seconds
Platform modules already initialized, skipping
Refreshing native plugins compatible for Editor in 0.37 ms, found 1 plugins.
Preloading 0 native plugins for Editor in 0.00 ms.
Unloading 1796 Unused Serialized files (Serialized files now loaded: 0)
System memory in use before: 87.6 MB.
System memory in use after: 87.6 MB.

Unloading 12 unused Assets to reduce memory usage. Loaded Objects now: 2285.
Total: 1.986000 ms (FindLiveObjects: 0.260400 ms CreateObjectMapping: 0.044600 ms MarkObjects: 1.544200 ms  DeleteObjects: 0.135800 ms)

AssetImportWorkerClient::OnTransportError - code=2 error=End of file
