Using pre-set license
Built from '2020.2/release' branch; Version is '2020.2.4f1 (becced5a802b) revision 12504301'; Using compiler version '192528614'; Build Type 'Release'
OS: 'Windows 10 Home; OS build 19043.1706; Version 2009; 64bit' Language: 'en' Physical Memory: 16317 MB
BatchMode: 1, IsHumanControllingUs: 0, StartBugReporterOnCrash: 0, Is64bit: 1, IsPro: 0

 COMMAND LINE ARGUMENTS:
C:\Program Files\Unity\Hub\Editor\2020.2.4f1\Editor\Unity.exe
-adb2
-batchMode
-noUpm
-name
AssetImportWorker0
-projectPath
D:/Unity Projects/TeachingProjects/AlexGeekEduProject/AlexPlatformer
-logFile
Logs/AssetImportWorker0.log
-srvPort
63880
Successfully changed project path to: D:/Unity Projects/TeachingProjects/AlexGeekEduProject/AlexPlatformer
D:/Unity Projects/TeachingProjects/AlexGeekEduProject/AlexPlatformer
Using Asset Import Pipeline V2.
Refreshing native plugins compatible for Editor in 40.07 ms, found 1 plugins.
Preloading 0 native plugins for Editor in 0.00 ms.
Initialize engine version: 2020.2.4f1 (becced5a802b)
[Subsystems] Discovering subsystems at path C:/Program Files/Unity/Hub/Editor/2020.2.4f1/Editor/Data/Resources/UnitySubsystems
[Subsystems] Discovering subsystems at path D:/Unity Projects/TeachingProjects/AlexGeekEduProject/AlexPlatformer/Assets
GfxDevice: creating device client; threaded=0
Direct3D:
    Version:  Direct3D 11.0 [level 11.1]
    Renderer: NVIDIA GeForce RTX 2060 SUPER (ID=0x1f06)
    Vendor:   
    VRAM:     8031 MB
    Driver:   30.0.14.7196
Initialize mono
Mono path[0] = 'C:/Program Files/Unity/Hub/Editor/2020.2.4f1/Editor/Data/Managed'
Mono path[1] = 'C:/Program Files/Unity/Hub/Editor/2020.2.4f1/Editor/Data/MonoBleedingEdge/lib/mono/unityjit'
Mono config path = 'C:/Program Files/Unity/Hub/Editor/2020.2.4f1/Editor/Data/MonoBleedingEdge/etc'
Using monoOptions --debugger-agent=transport=dt_socket,embedding=1,server=y,suspend=n,address=127.0.0.1:56172
Begin MonoManager ReloadAssembly
Registering precompiled unity dll's ...
Register platform support module: C:/Program Files/Unity/Hub/Editor/2020.2.4f1/Editor/Data/PlaybackEngines/WebGLSupport/UnityEditor.WebGL.Extensions.dll
Register platform support module: C:/Program Files/Unity/Hub/Editor/2020.2.4f1/Editor/Data/PlaybackEngines/WindowsStandaloneSupport/UnityEditor.WindowsStandalone.Extensions.dll
Registered in 0.003272 seconds.
Native extension for WindowsStandalone target not found
Native extension for WebGL target not found
Refreshing native plugins compatible for Editor in 45.11 ms, found 1 plugins.
Preloading 0 native plugins for Editor in 0.00 ms.
Invoked RoslynAnalysisRunner static constructor.
RoslynAnalysisRunner will not be running.
RoslynAnalysisRunner has terminated.
Mono: successfully reloaded assembly
- Completed reload, in  2.170 seconds
Platform modules already initialized, skipping
Registering precompiled user dll's ...
Registered in 0.000656 seconds.
Begin MonoManager ReloadAssembly
Native extension for WindowsStandalone target not found
Native extension for WebGL target not found
Refreshing native plugins compatible for Editor in 43.29 ms, found 1 plugins.
Preloading 0 native plugins for Editor in 0.00 ms.
Invoked RoslynAnalysisRunner static constructor.
RoslynAnalysisRunner will not be running.
RoslynAnalysisRunner has terminated.
Mono: successfully reloaded assembly
- Completed reload, in  1.002 seconds
Platform modules already initialized, skipping
========================================================================
Worker process is ready to serve import requests
Launched and connected shader compiler UnityShaderCompiler.exe after 0.05 seconds
Refreshing native plugins compatible for Editor in 0.40 ms, found 1 plugins.
Preloading 0 native plugins for Editor in 0.00 ms.
Unloading 1938 Unused Serialized files (Serialized files now loaded: 0)
System memory in use before: 93.1 MB.
System memory in use after: 93.1 MB.

Unloading 24 unused Assets to reduce memory usage. Loaded Objects now: 2382.
Total: 4.172800 ms (FindLiveObjects: 0.706500 ms CreateObjectMapping: 0.073800 ms MarkObjects: 3.203000 ms  DeleteObjects: 0.186600 ms)

========================================================================
Received Import Request.
  path: Assets/Scripts/PlayerScript.cs
  artifactKey: Guid(d7aa76d27b6074a4aa34acc626b8edfb) Importer(815301076,1909f56bfc062723c751e8b465ee728b)
Start importing Assets/Scripts/PlayerScript.cs using Guid(d7aa76d27b6074a4aa34acc626b8edfb) Importer(815301076,1909f56bfc062723c751e8b465ee728b)  -> (artifact id: '80a94a5ce01b8c2651b76ced35dc2fa2') in 0.046537 seconds
  Import took 0.050024 seconds .

========================================================================
Received Import Request.
  Time since last request: 27.943916 seconds.
  path: Assets/Scripts/BreathSystem.cs
  artifactKey: Guid(777f222029132ee4db20ee19144f83bf) Importer(815301076,1909f56bfc062723c751e8b465ee728b)
Start importing Assets/Scripts/BreathSystem.cs using Guid(777f222029132ee4db20ee19144f83bf) Importer(815301076,1909f56bfc062723c751e8b465ee728b)  -> (artifact id: '0ba846b3d78d328f06d2569f9c3d9b6b') in 0.008557 seconds
  Import took 0.011973 seconds .

========================================================================
Received Prepare
Registering precompiled user dll's ...
Registered in 0.000918 seconds.
Begin MonoManager ReloadAssembly
Native extension for WindowsStandalone target not found
Native extension for WebGL target not found
Refreshing native plugins compatible for Editor in 0.45 ms, found 1 plugins.
Preloading 0 native plugins for Editor in 0.00 ms.
Invoked RoslynAnalysisRunner static constructor.
RoslynAnalysisRunner will not be running.
RoslynAnalysisRunner has terminated.
Mono: successfully reloaded assembly
- Completed reload, in  0.850 seconds
Platform modules already initialized, skipping
Refreshing native plugins compatible for Editor in 0.41 ms, found 1 plugins.
Preloading 0 native plugins for Editor in 0.00 ms.
Unloading 1907 Unused Serialized files (Serialized files now loaded: 0)
System memory in use before: 91.0 MB.
System memory in use after: 91.0 MB.

Unloading 12 unused Assets to reduce memory usage. Loaded Objects now: 2386.
Total: 4.345400 ms (FindLiveObjects: 0.689600 ms CreateObjectMapping: 0.084300 ms MarkObjects: 3.353600 ms  DeleteObjects: 0.213000 ms)

========================================================================
Received Prepare
Registering precompiled user dll's ...
Registered in 0.032357 seconds.
Begin MonoManager ReloadAssembly
Native extension for WindowsStandalone target not found
Native extension for WebGL target not found
Refreshing native plugins compatible for Editor in 0.57 ms, found 1 plugins.
Preloading 0 native plugins for Editor in 0.00 ms.
Invoked RoslynAnalysisRunner static constructor.
RoslynAnalysisRunner will not be running.
RoslynAnalysisRunner has terminated.
Mono: successfully reloaded assembly
- Completed reload, in  0.864 seconds
Platform modules already initialized, skipping
Refreshing native plugins compatible for Editor in 0.42 ms, found 1 plugins.
Preloading 0 native plugins for Editor in 0.00 ms.
Unloading 1907 Unused Serialized files (Serialized files now loaded: 0)
System memory in use before: 91.0 MB.
System memory in use after: 91.0 MB.

Unloading 12 unused Assets to reduce memory usage. Loaded Objects now: 2389.
Total: 1.950800 ms (FindLiveObjects: 0.214100 ms CreateObjectMapping: 0.043400 ms MarkObjects: 1.583300 ms  DeleteObjects: 0.108500 ms)

========================================================================
Received Import Request.
  Time since last request: 641.563812 seconds.
  path: Assets/Scripts/BreathSystem.cs
  artifactKey: Guid(777f222029132ee4db20ee19144f83bf) Importer(815301076,1909f56bfc062723c751e8b465ee728b)
Start importing Assets/Scripts/BreathSystem.cs using Guid(777f222029132ee4db20ee19144f83bf) Importer(815301076,1909f56bfc062723c751e8b465ee728b)  -> (artifact id: 'dca4a536503e018180cbd4f0535a98e5') in 0.010823 seconds
  Import took 0.016787 seconds .

========================================================================
Received Prepare
Registering precompiled user dll's ...
Registered in 0.001056 seconds.
Begin MonoManager ReloadAssembly
Native extension for WindowsStandalone target not found
Native extension for WebGL target not found
Refreshing native plugins compatible for Editor in 0.78 ms, found 1 plugins.
Preloading 0 native plugins for Editor in 0.00 ms.
Invoked RoslynAnalysisRunner static constructor.
RoslynAnalysisRunner will not be running.
RoslynAnalysisRunner has terminated.
Mono: successfully reloaded assembly
- Completed reload, in  0.778 seconds
Platform modules already initialized, skipping
Refreshing native plugins compatible for Editor in 0.39 ms, found 1 plugins.
Preloading 0 native plugins for Editor in 0.00 ms.
Unloading 1907 Unused Serialized files (Serialized files now loaded: 0)
System memory in use before: 91.0 MB.
System memory in use after: 91.0 MB.

Unloading 12 unused Assets to reduce memory usage. Loaded Objects now: 2392.
Total: 2.206200 ms (FindLiveObjects: 0.285800 ms CreateObjectMapping: 0.048200 ms MarkObjects: 1.767600 ms  DeleteObjects: 0.102900 ms)

========================================================================
Received Prepare
Registering precompiled user dll's ...
Registered in 0.001208 seconds.
Begin MonoManager ReloadAssembly
Native extension for WindowsStandalone target not found
Native extension for WebGL target not found
Refreshing native plugins compatible for Editor in 0.53 ms, found 1 plugins.
Preloading 0 native plugins for Editor in 0.00 ms.
Invoked RoslynAnalysisRunner static constructor.
RoslynAnalysisRunner will not be running.
RoslynAnalysisRunner has terminated.
Mono: successfully reloaded assembly
- Completed reload, in  0.773 seconds
Platform modules already initialized, skipping
Refreshing native plugins compatible for Editor in 0.40 ms, found 1 plugins.
Preloading 0 native plugins for Editor in 0.00 ms.
Unloading 1907 Unused Serialized files (Serialized files now loaded: 0)
System memory in use before: 91.1 MB.
System memory in use after: 91.1 MB.

Unloading 12 unused Assets to reduce memory usage. Loaded Objects now: 2395.
Total: 1.963200 ms (FindLiveObjects: 0.275600 ms CreateObjectMapping: 0.045800 ms MarkObjects: 1.537900 ms  DeleteObjects: 0.103000 ms)

========================================================================
Received Import Request.
  Time since last request: 531.250652 seconds.
  path: Assets/Scripts/Blooper.cs
  artifactKey: Guid(1f16df9d044585241bef7dd309e55a5f) Importer(815301076,1909f56bfc062723c751e8b465ee728b)
Start importing Assets/Scripts/Blooper.cs using Guid(1f16df9d044585241bef7dd309e55a5f) Importer(815301076,1909f56bfc062723c751e8b465ee728b)  -> (artifact id: 'd60df194c8937ff14a92dd2b0c966a69') in 0.010587 seconds
  Import took 0.013954 seconds .

========================================================================
Received Prepare
Registering precompiled user dll's ...
Registered in 0.001158 seconds.
Begin MonoManager ReloadAssembly
Native extension for WindowsStandalone target not found
Native extension for WebGL target not found
Refreshing native plugins compatible for Editor in 0.63 ms, found 1 plugins.
Preloading 0 native plugins for Editor in 0.00 ms.
Invoked RoslynAnalysisRunner static constructor.
RoslynAnalysisRunner will not be running.
RoslynAnalysisRunner has terminated.
Mono: successfully reloaded assembly
- Completed reload, in  0.859 seconds
Platform modules already initialized, skipping
Refreshing native plugins compatible for Editor in 0.59 ms, found 1 plugins.
Preloading 0 native plugins for Editor in 0.00 ms.
Unloading 1907 Unused Serialized files (Serialized files now loaded: 0)
System memory in use before: 91.1 MB.
System memory in use after: 91.1 MB.

Unloading 12 unused Assets to reduce memory usage. Loaded Objects now: 2398.
Total: 2.233400 ms (FindLiveObjects: 0.313000 ms CreateObjectMapping: 0.070100 ms MarkObjects: 1.753200 ms  DeleteObjects: 0.096400 ms)

========================================================================
Received Prepare
Registering precompiled user dll's ...
Registered in 0.001025 seconds.
Begin MonoManager ReloadAssembly
Native extension for WindowsStandalone target not found
Native extension for WebGL target not found
Refreshing native plugins compatible for Editor in 0.78 ms, found 1 plugins.
Preloading 0 native plugins for Editor in 0.00 ms.
Invoked RoslynAnalysisRunner static constructor.
RoslynAnalysisRunner will not be running.
RoslynAnalysisRunner has terminated.
Mono: successfully reloaded assembly
- Completed reload, in  0.858 seconds
Platform modules already initialized, skipping
Refreshing native plugins compatible for Editor in 1.03 ms, found 1 plugins.
Preloading 0 native plugins for Editor in 0.00 ms.
Unloading 1907 Unused Serialized files (Serialized files now loaded: 0)
System memory in use before: 91.1 MB.
System memory in use after: 91.1 MB.

Unloading 12 unused Assets to reduce memory usage. Loaded Objects now: 2401.
Total: 6.742900 ms (FindLiveObjects: 1.049000 ms CreateObjectMapping: 0.166000 ms MarkObjects: 5.332700 ms  DeleteObjects: 0.190200 ms)

========================================================================
Received Import Request.
  Time since last request: 855.489061 seconds.
  path: Assets/SpriteAssets/Bubble.png
  artifactKey: Guid(694d340dd452ddc489b2d72876249d50) Importer(815301076,1909f56bfc062723c751e8b465ee728b)
Start importing Assets/SpriteAssets/Bubble.png using Guid(694d340dd452ddc489b2d72876249d50) Importer(815301076,1909f56bfc062723c751e8b465ee728b)  -> (artifact id: '1ff6053b8701e6dbd52cb2642d6e5f86') in 0.103101 seconds
  Import took 0.108014 seconds .

========================================================================
Received Import Request.
  Time since last request: 40.400541 seconds.
  path: Assets/SpriteAssets/Bubble.png
  artifactKey: Guid(694d340dd452ddc489b2d72876249d50) Importer(815301076,1909f56bfc062723c751e8b465ee728b)
Start importing Assets/SpriteAssets/Bubble.png using Guid(694d340dd452ddc489b2d72876249d50) Importer(815301076,1909f56bfc062723c751e8b465ee728b)  -> (artifact id: '22d21d8ce1ca312e678389aae38e44d6') in 0.029566 seconds
  Import took 0.034828 seconds .

========================================================================
Received Import Request.
  Time since last request: 170.831539 seconds.
  path: Assets/Scripts/Bubble.cs
  artifactKey: Guid(6d65fb671e266574fb1360698472c878) Importer(815301076,1909f56bfc062723c751e8b465ee728b)
Start importing Assets/Scripts/Bubble.cs using Guid(6d65fb671e266574fb1360698472c878) Importer(815301076,1909f56bfc062723c751e8b465ee728b)  -> (artifact id: 'fa7c58fac58f64eff9f9a3dadf926f06') in 0.006294 seconds
  Import took 0.010091 seconds .

========================================================================
Received Prepare
Registering precompiled user dll's ...
Registered in 0.001170 seconds.
Begin MonoManager ReloadAssembly
Native extension for WindowsStandalone target not found
Native extension for WebGL target not found
Refreshing native plugins compatible for Editor in 0.56 ms, found 1 plugins.
Preloading 0 native plugins for Editor in 0.00 ms.
Invoked RoslynAnalysisRunner static constructor.
RoslynAnalysisRunner will not be running.
RoslynAnalysisRunner has terminated.
Mono: successfully reloaded assembly
- Completed reload, in  0.864 seconds
Platform modules already initialized, skipping
Refreshing native plugins compatible for Editor in 0.72 ms, found 1 plugins.
Preloading 0 native plugins for Editor in 0.00 ms.
Unloading 1908 Unused Serialized files (Serialized files now loaded: 0)
System memory in use before: 94.2 MB.
System memory in use after: 94.2 MB.

Unloading 12 unused Assets to reduce memory usage. Loaded Objects now: 2411.
Total: 3.372500 ms (FindLiveObjects: 0.626700 ms CreateObjectMapping: 0.070600 ms MarkObjects: 2.569900 ms  DeleteObjects: 0.104300 ms)

========================================================================
Received Prepare
Registering precompiled user dll's ...
Registered in 0.000908 seconds.
Begin MonoManager ReloadAssembly
Native extension for WindowsStandalone target not found
Native extension for WebGL target not found
Refreshing native plugins compatible for Editor in 0.44 ms, found 1 plugins.
Preloading 0 native plugins for Editor in 0.00 ms.
Invoked RoslynAnalysisRunner static constructor.
RoslynAnalysisRunner will not be running.
RoslynAnalysisRunner has terminated.
Mono: successfully reloaded assembly
- Completed reload, in  0.851 seconds
Platform modules already initialized, skipping
Refreshing native plugins compatible for Editor in 0.77 ms, found 1 plugins.
Preloading 0 native plugins for Editor in 0.00 ms.
Unloading 1908 Unused Serialized files (Serialized files now loaded: 0)
System memory in use before: 94.2 MB.
System memory in use after: 94.2 MB.

Unloading 12 unused Assets to reduce memory usage. Loaded Objects now: 2414.
Total: 4.224100 ms (FindLiveObjects: 0.600900 ms CreateObjectMapping: 0.099200 ms MarkObjects: 3.312500 ms  DeleteObjects: 0.207700 ms)

========================================================================
Received Import Request.
  Time since last request: 328.868492 seconds.
  path: Assets/Scripts/Bubble.cs
  artifactKey: Guid(6d65fb671e266574fb1360698472c878) Importer(815301076,1909f56bfc062723c751e8b465ee728b)
Start importing Assets/Scripts/Bubble.cs using Guid(6d65fb671e266574fb1360698472c878) Importer(815301076,1909f56bfc062723c751e8b465ee728b)  -> (artifact id: '4007b6deeeb8086b4a8bb95b84ca1788') in 0.006435 seconds
  Import took 0.009623 seconds .

========================================================================
Received Import Request.
  Time since last request: 29.436054 seconds.
  path: Assets/Bubble.prefab
  artifactKey: Guid(025788ffb7f1ab9409256263b86e796d) Importer(815301076,1909f56bfc062723c751e8b465ee728b)
Start importing Assets/Bubble.prefab using Guid(025788ffb7f1ab9409256263b86e796d) Importer(815301076,1909f56bfc062723c751e8b465ee728b)  -> (artifact id: 'ba6ed362a31316b68592287a6b2c9afa') in 0.078758 seconds
  Import took 0.082625 seconds .

========================================================================
Received Import Request.
  Time since last request: 0.005391 seconds.
  path: Assets/Bubble.prefab
  artifactKey: Guid(025788ffb7f1ab9409256263b86e796d) Importer(815301076,1909f56bfc062723c751e8b465ee728b)
Start importing Assets/Bubble.prefab using Guid(025788ffb7f1ab9409256263b86e796d) Importer(815301076,1909f56bfc062723c751e8b465ee728b)  -> (artifact id: 'ba6ed362a31316b68592287a6b2c9afa') in 0.016524 seconds
  Import took 0.031834 seconds .

========================================================================
Received Import Request.
  Time since last request: 101.660910 seconds.
  path: Assets/Scripts/BubbleSpawner.cs
  artifactKey: Guid(bda1083eccfc96146b608711c50f60f7) Importer(815301076,1909f56bfc062723c751e8b465ee728b)
Start importing Assets/Scripts/BubbleSpawner.cs using Guid(bda1083eccfc96146b608711c50f60f7) Importer(815301076,1909f56bfc062723c751e8b465ee728b)  -> (artifact id: '86646aa9e32238166c978110203e3aad') in 0.008474 seconds
  Import took 0.011841 seconds .

========================================================================
Received Prepare
Registering precompiled user dll's ...
Registered in 0.001093 seconds.
Begin MonoManager ReloadAssembly
Native extension for WindowsStandalone target not found
Native extension for WebGL target not found
Refreshing native plugins compatible for Editor in 0.39 ms, found 1 plugins.
Preloading 0 native plugins for Editor in 0.00 ms.
Invoked RoslynAnalysisRunner static constructor.
RoslynAnalysisRunner will not be running.
RoslynAnalysisRunner has terminated.
Mono: successfully reloaded assembly
- Completed reload, in  0.890 seconds
Platform modules already initialized, skipping
Refreshing native plugins compatible for Editor in 0.57 ms, found 1 plugins.
Preloading 0 native plugins for Editor in 0.00 ms.
Unloading 1909 Unused Serialized files (Serialized files now loaded: 0)
System memory in use before: 94.2 MB.
System memory in use after: 94.2 MB.

Unloading 12 unused Assets to reduce memory usage. Loaded Objects now: 2422.
Total: 2.654800 ms (FindLiveObjects: 0.302500 ms CreateObjectMapping: 0.046500 ms MarkObjects: 2.166500 ms  DeleteObjects: 0.138200 ms)

========================================================================
Received Prepare
Registering precompiled user dll's ...
Registered in 0.001267 seconds.
Begin MonoManager ReloadAssembly
Native extension for WindowsStandalone target not found
Native extension for WebGL target not found
Refreshing native plugins compatible for Editor in 0.48 ms, found 1 plugins.
Preloading 0 native plugins for Editor in 0.00 ms.
Invoked RoslynAnalysisRunner static constructor.
RoslynAnalysisRunner will not be running.
RoslynAnalysisRunner has terminated.
Mono: successfully reloaded assembly
- Completed reload, in  0.887 seconds
Platform modules already initialized, skipping
Refreshing native plugins compatible for Editor in 0.44 ms, found 1 plugins.
Preloading 0 native plugins for Editor in 0.00 ms.
Unloading 1909 Unused Serialized files (Serialized files now loaded: 0)
System memory in use before: 94.2 MB.
System memory in use after: 94.2 MB.

Unloading 12 unused Assets to reduce memory usage. Loaded Objects now: 2425.
Total: 1.974500 ms (FindLiveObjects: 0.220900 ms CreateObjectMapping: 0.043900 ms MarkObjects: 1.593000 ms  DeleteObjects: 0.115200 ms)

========================================================================
Received Import Request.
  Time since last request: 128.899559 seconds.
  path: Assets/Scripts/BubbleSpawner.cs
  artifactKey: Guid(bda1083eccfc96146b608711c50f60f7) Importer(815301076,1909f56bfc062723c751e8b465ee728b)
Start importing Assets/Scripts/BubbleSpawner.cs using Guid(bda1083eccfc96146b608711c50f60f7) Importer(815301076,1909f56bfc062723c751e8b465ee728b)  -> (artifact id: 'd6f21d6ed78994ad078830c0e3d83bbc') in 0.005429 seconds
  Import took 0.008355 seconds .

========================================================================
Received Import Request.
  Time since last request: 97.709959 seconds.
  path: Assets/Bubble.prefab
  artifactKey: Guid(025788ffb7f1ab9409256263b86e796d) Importer(815301076,1909f56bfc062723c751e8b465ee728b)
Start importing Assets/Bubble.prefab using Guid(025788ffb7f1ab9409256263b86e796d) Importer(815301076,1909f56bfc062723c751e8b465ee728b)  -> (artifact id: '9ce557535bd3a2944781a9037b2694cb') in 0.070942 seconds
  Import took 0.075997 seconds .

========================================================================
Received Prepare
Registering precompiled user dll's ...
Registered in 0.000986 seconds.
Begin MonoManager ReloadAssembly
Native extension for WindowsStandalone target not found
Native extension for WebGL target not found
Refreshing native plugins compatible for Editor in 0.38 ms, found 1 plugins.
Preloading 0 native plugins for Editor in 0.00 ms.
Invoked RoslynAnalysisRunner static constructor.
RoslynAnalysisRunner will not be running.
RoslynAnalysisRunner has terminated.
Mono: successfully reloaded assembly
- Completed reload, in  0.777 seconds
Platform modules already initialized, skipping
Refreshing native plugins compatible for Editor in 0.41 ms, found 1 plugins.
Preloading 0 native plugins for Editor in 0.00 ms.
Unloading 1909 Unused Serialized files (Serialized files now loaded: 0)
System memory in use before: 94.3 MB.
System memory in use after: 94.3 MB.

Unloading 12 unused Assets to reduce memory usage. Loaded Objects now: 2429.
Total: 2.106100 ms (FindLiveObjects: 0.339800 ms CreateObjectMapping: 0.056200 ms MarkObjects: 1.577500 ms  DeleteObjects: 0.131500 ms)

AssetImportWorkerClient::OnTransportError - code=2 error=End of file
